{"C:\\Users\\Usuario\\Desktop\\Theyko\\Proyectos\\taskmanager\\src\\app.js": {"path":"C:\\Users\\Usuario\\Desktop\\Theyko\\Proyectos\\taskmanager\\src\\app.js","statementMap":{"0":{"start":{"line":1,"column":16},"end":{"line":1,"column":34}},"1":{"start":{"line":2,"column":19},"end":{"line":2,"column":49}},"2":{"start":{"line":3,"column":19},"end":{"line":3,"column":49}},"3":{"start":{"line":5,"column":12},"end":{"line":5,"column":21}},"4":{"start":{"line":7,"column":0},"end":{"line":7,"column":24}},"5":{"start":{"line":10,"column":0},"end":{"line":16,"column":1}},"6":{"start":{"line":11,"column":2},"end":{"line":11,"column":33}},"7":{"start":{"line":12,"column":15},"end":{"line":12,"column":39}},"8":{"start":{"line":13,"column":2},"end":{"line":15,"column":5}},"9":{"start":{"line":14,"column":26},"end":{"line":14,"column":109}},"10":{"start":{"line":18,"column":0},"end":{"line":18,"column":34}},"11":{"start":{"line":19,"column":0},"end":{"line":19,"column":34}},"12":{"start":{"line":21,"column":0},"end":{"line":21,"column":21}},"13":{"start":{"line":28,"column":85},"end":{"line":28,"column":39071}},"14":{"start":{"line":28,"column":89},"end":{"line":28,"column":39060}}},"fnMap":{"0":{"name":"(anonymous_0)","decl":{"start":{"line":13,"column":19},"end":{"line":13,"column":20}},"loc":{"start":{"line":13,"column":25},"end":{"line":15,"column":3}},"line":13},"1":{"name":"oo_cm","decl":{"start":{"line":28,"column":77},"end":{"line":28,"column":82}},"loc":{"start":{"line":28,"column":84},"end":{"line":28,"column":39072}},"line":28}},"branchMap":{"0":{"loc":{"start":{"line":10,"column":0},"end":{"line":16,"column":1}},"type":"if","locations":[{"start":{"line":10,"column":0},"end":{"line":16,"column":1}},{"start":{},"end":{}}],"line":10},"1":{"loc":{"start":{"line":12,"column":15},"end":{"line":12,"column":39}},"type":"binary-expr","locations":[{"start":{"line":12,"column":15},"end":{"line":12,"column":31}},{"start":{"line":12,"column":35},"end":{"line":12,"column":39}}],"line":12},"2":{"loc":{"start":{"line":28,"column":96},"end":{"line":28,"column":39059}},"type":"binary-expr","locations":[{"start":{"line":28,"column":96},"end":{"line":28,"column":133}},{"start":{"line":28,"column":137},"end":{"line":28,"column":39059}}],"line":28}},"s":{"0":5,"1":5,"2":5,"3":5,"4":5,"5":5,"6":0,"7":0,"8":0,"9":0,"10":5,"11":5,"12":5,"13":0,"14":0},"f":{"0":0,"1":0},"b":{"0":[0,5],"1":[0,0],"2":[0,0]},"_coverageSchema":"1a1c01bbd47fc00a2c39e90264f33305004495a9","hash":"cd711fa4a7a9ab57359ed88fe1cdbf4bb267914b"}
,"C:\\Users\\Usuario\\Desktop\\Theyko\\Proyectos\\taskmanager\\src\\controllers\\taskController.js": {"path":"C:\\Users\\Usuario\\Desktop\\Theyko\\Proyectos\\taskmanager\\src\\controllers\\taskController.js","statementMap":{"0":{"start":{"line":1,"column":11},"end":{"line":1,"column":40}},"1":{"start":{"line":3,"column":23},"end":{"line":126,"column":1}},"2":{"start":{"line":5,"column":8},"end":{"line":19,"column":9}},"3":{"start":{"line":7,"column":26},"end":{"line":11,"column":14}},"4":{"start":{"line":12,"column":12},"end":{"line":14,"column":13}},"5":{"start":{"line":13,"column":16},"end":{"line":13,"column":76}},"6":{"start":{"line":15,"column":12},"end":{"line":15,"column":40}},"7":{"start":{"line":17,"column":12},"end":{"line":17,"column":57}},"8":{"start":{"line":18,"column":12},"end":{"line":18,"column":94}},"9":{"start":{"line":23,"column":8},"end":{"line":38,"column":9}},"10":{"start":{"line":24,"column":27},"end":{"line":24,"column":40}},"11":{"start":{"line":25,"column":25},"end":{"line":30,"column":14}},"12":{"start":{"line":31,"column":12},"end":{"line":33,"column":13}},"13":{"start":{"line":32,"column":16},"end":{"line":32,"column":134}},"14":{"start":{"line":34,"column":12},"end":{"line":34,"column":39}},"15":{"start":{"line":36,"column":12},"end":{"line":36,"column":56}},"16":{"start":{"line":37,"column":12},"end":{"line":37,"column":93}},"17":{"start":{"line":43,"column":18},"end":{"line":43,"column":50}},"18":{"start":{"line":45,"column":8},"end":{"line":67,"column":9}},"19":{"start":{"line":47,"column":60},"end":{"line":47,"column":68}},"20":{"start":{"line":48,"column":27},"end":{"line":48,"column":42}},"21":{"start":{"line":51,"column":28},"end":{"line":54,"column":13}},"22":{"start":{"line":57,"column":12},"end":{"line":57,"column":29}},"23":{"start":{"line":60,"column":12},"end":{"line":60,"column":42}},"24":{"start":{"line":63,"column":12},"end":{"line":63,"column":31}},"25":{"start":{"line":65,"column":12},"end":{"line":65,"column":57}},"26":{"start":{"line":66,"column":12},"end":{"line":66,"column":94}},"27":{"start":{"line":71,"column":23},"end":{"line":71,"column":36}},"28":{"start":{"line":74,"column":18},"end":{"line":74,"column":50}},"29":{"start":{"line":76,"column":8},"end":{"line":97,"column":9}},"30":{"start":{"line":77,"column":25},"end":{"line":77,"column":75}},"31":{"start":{"line":79,"column":12},"end":{"line":82,"column":13}},"32":{"start":{"line":80,"column":16},"end":{"line":80,"column":35}},"33":{"start":{"line":81,"column":16},"end":{"line":81,"column":97}},"34":{"start":{"line":85,"column":12},"end":{"line":85,"column":60}},"35":{"start":{"line":88,"column":12},"end":{"line":88,"column":29}},"36":{"start":{"line":90,"column":12},"end":{"line":90,"column":76}},"37":{"start":{"line":93,"column":12},"end":{"line":93,"column":31}},"38":{"start":{"line":95,"column":12},"end":{"line":95,"column":57}},"39":{"start":{"line":96,"column":12},"end":{"line":96,"column":94}},"40":{"start":{"line":102,"column":23},"end":{"line":102,"column":36}},"41":{"start":{"line":104,"column":18},"end":{"line":104,"column":50}},"42":{"start":{"line":106,"column":8},"end":{"line":124,"column":9}},"43":{"start":{"line":107,"column":25},"end":{"line":107,"column":75}},"44":{"start":{"line":108,"column":12},"end":{"line":111,"column":13}},"45":{"start":{"line":109,"column":16},"end":{"line":109,"column":35}},"46":{"start":{"line":110,"column":16},"end":{"line":110,"column":97}},"47":{"start":{"line":114,"column":12},"end":{"line":114,"column":51}},"48":{"start":{"line":116,"column":12},"end":{"line":116,"column":29}},"49":{"start":{"line":117,"column":12},"end":{"line":117,"column":76}},"50":{"start":{"line":120,"column":12},"end":{"line":120,"column":31}},"51":{"start":{"line":122,"column":12},"end":{"line":122,"column":57}},"52":{"start":{"line":123,"column":12},"end":{"line":123,"column":94}},"53":{"start":{"line":128,"column":0},"end":{"line":128,"column":32}}},"fnMap":{"0":{"name":"(anonymous_0)","decl":{"start":{"line":4,"column":17},"end":{"line":4,"column":18}},"loc":{"start":{"line":4,"column":37},"end":{"line":20,"column":5}},"line":4},"1":{"name":"(anonymous_1)","decl":{"start":{"line":22,"column":17},"end":{"line":22,"column":18}},"loc":{"start":{"line":22,"column":37},"end":{"line":39,"column":5}},"line":22},"2":{"name":"(anonymous_2)","decl":{"start":{"line":41,"column":16},"end":{"line":41,"column":17}},"loc":{"start":{"line":41,"column":36},"end":{"line":68,"column":5}},"line":41},"3":{"name":"(anonymous_3)","decl":{"start":{"line":70,"column":16},"end":{"line":70,"column":17}},"loc":{"start":{"line":70,"column":36},"end":{"line":98,"column":5}},"line":70},"4":{"name":"(anonymous_4)","decl":{"start":{"line":101,"column":16},"end":{"line":101,"column":17}},"loc":{"start":{"line":101,"column":36},"end":{"line":125,"column":5}},"line":101}},"branchMap":{"0":{"loc":{"start":{"line":12,"column":12},"end":{"line":14,"column":13}},"type":"if","locations":[{"start":{"line":12,"column":12},"end":{"line":14,"column":13}},{"start":{},"end":{}}],"line":12},"1":{"loc":{"start":{"line":12,"column":16},"end":{"line":12,"column":44}},"type":"binary-expr","locations":[{"start":{"line":12,"column":16},"end":{"line":12,"column":22}},{"start":{"line":12,"column":26},"end":{"line":12,"column":44}}],"line":12},"2":{"loc":{"start":{"line":31,"column":12},"end":{"line":33,"column":13}},"type":"if","locations":[{"start":{"line":31,"column":12},"end":{"line":33,"column":13}},{"start":{},"end":{}}],"line":31},"3":{"loc":{"start":{"line":79,"column":12},"end":{"line":82,"column":13}},"type":"if","locations":[{"start":{"line":79,"column":12},"end":{"line":82,"column":13}},{"start":{},"end":{}}],"line":79},"4":{"loc":{"start":{"line":108,"column":12},"end":{"line":111,"column":13}},"type":"if","locations":[{"start":{"line":108,"column":12},"end":{"line":111,"column":13}},{"start":{},"end":{}}],"line":108}},"s":{"0":5,"1":5,"2":4,"3":4,"4":3,"5":2,"6":1,"7":1,"8":1,"9":3,"10":3,"11":3,"12":2,"13":1,"14":1,"15":1,"16":1,"17":6,"18":6,"19":6,"20":6,"21":6,"22":5,"23":5,"24":1,"25":1,"26":1,"27":3,"28":3,"29":3,"30":3,"31":2,"32":1,"33":1,"34":1,"35":1,"36":1,"37":1,"38":1,"39":1,"40":3,"41":3,"42":3,"43":3,"44":2,"45":1,"46":1,"47":1,"48":1,"49":1,"50":1,"51":1,"52":1,"53":5},"f":{"0":4,"1":3,"2":6,"3":3,"4":3},"b":{"0":[2,1],"1":[3,3],"2":[1,1],"3":[1,1],"4":[1,1]},"_coverageSchema":"1a1c01bbd47fc00a2c39e90264f33305004495a9","hash":"1366f2929816bde442d490eadd46fce3c186c4b9"}
,"C:\\Users\\Usuario\\Desktop\\Theyko\\Proyectos\\taskmanager\\src\\controllers\\userController.js": {"path":"C:\\Users\\Usuario\\Desktop\\Theyko\\Proyectos\\taskmanager\\src\\controllers\\userController.js","statementMap":{"0":{"start":{"line":1,"column":11},"end":{"line":1,"column":40}},"1":{"start":{"line":2,"column":15},"end":{"line":2,"column":32}},"2":{"start":{"line":3,"column":12},"end":{"line":3,"column":35}},"3":{"start":{"line":4,"column":0},"end":{"line":4,"column":17}},"4":{"start":{"line":6,"column":23},"end":{"line":94,"column":1}},"5":{"start":{"line":8,"column":14},"end":{"line":8,"column":46}},"6":{"start":{"line":10,"column":4},"end":{"line":44,"column":5}},"7":{"start":{"line":11,"column":57},"end":{"line":11,"column":65}},"8":{"start":{"line":14,"column":27},"end":{"line":19,"column":8}},"9":{"start":{"line":21,"column":6},"end":{"line":24,"column":7}},"10":{"start":{"line":22,"column":8},"end":{"line":22,"column":27}},"11":{"start":{"line":23,"column":8},"end":{"line":23,"column":93}},"12":{"start":{"line":27,"column":29},"end":{"line":27,"column":60}},"13":{"start":{"line":30,"column":22},"end":{"line":35,"column":28}},"14":{"start":{"line":37,"column":6},"end":{"line":37,"column":23}},"15":{"start":{"line":39,"column":6},"end":{"line":39,"column":88}},"16":{"start":{"line":41,"column":6},"end":{"line":41,"column":54}},"17":{"start":{"line":42,"column":6},"end":{"line":42,"column":25}},"18":{"start":{"line":43,"column":6},"end":{"line":43,"column":91}},"19":{"start":{"line":48,"column":4},"end":{"line":72,"column":5}},"20":{"start":{"line":49,"column":37},"end":{"line":49,"column":45}},"21":{"start":{"line":52,"column":19},"end":{"line":52,"column":65}},"22":{"start":{"line":54,"column":6},"end":{"line":56,"column":7}},"23":{"start":{"line":55,"column":8},"end":{"line":55,"column":68}},"24":{"start":{"line":59,"column":30},"end":{"line":59,"column":75}},"25":{"start":{"line":61,"column":6},"end":{"line":63,"column":7}},"26":{"start":{"line":62,"column":8},"end":{"line":62,"column":73}},"27":{"start":{"line":66,"column":20},"end":{"line":66,"column":94}},"28":{"start":{"line":68,"column":6},"end":{"line":68,"column":68}},"29":{"start":{"line":70,"column":6},"end":{"line":70,"column":48}},"30":{"start":{"line":71,"column":6},"end":{"line":71,"column":85}},"31":{"start":{"line":76,"column":18},"end":{"line":76,"column":68}},"32":{"start":{"line":78,"column":4},"end":{"line":92,"column":5}},"33":{"start":{"line":79,"column":22},"end":{"line":79,"column":39}},"34":{"start":{"line":80,"column":25},"end":{"line":80,"column":53}},"35":{"start":{"line":82,"column":6},"end":{"line":86,"column":9}},"36":{"start":{"line":88,"column":6},"end":{"line":88,"column":73}},"37":{"start":{"line":90,"column":6},"end":{"line":90,"column":44}},"38":{"start":{"line":91,"column":6},"end":{"line":91,"column":82}},"39":{"start":{"line":96,"column":0},"end":{"line":96,"column":32}}},"fnMap":{"0":{"name":"(anonymous_0)","decl":{"start":{"line":7,"column":12},"end":{"line":7,"column":13}},"loc":{"start":{"line":7,"column":32},"end":{"line":45,"column":3}},"line":7},"1":{"name":"(anonymous_1)","decl":{"start":{"line":47,"column":9},"end":{"line":47,"column":10}},"loc":{"start":{"line":47,"column":29},"end":{"line":73,"column":3}},"line":47},"2":{"name":"(anonymous_2)","decl":{"start":{"line":75,"column":10},"end":{"line":75,"column":11}},"loc":{"start":{"line":75,"column":30},"end":{"line":93,"column":3}},"line":75}},"branchMap":{"0":{"loc":{"start":{"line":21,"column":6},"end":{"line":24,"column":7}},"type":"if","locations":[{"start":{"line":21,"column":6},"end":{"line":24,"column":7}},{"start":{},"end":{}}],"line":21},"1":{"loc":{"start":{"line":54,"column":6},"end":{"line":56,"column":7}},"type":"if","locations":[{"start":{"line":54,"column":6},"end":{"line":56,"column":7}},{"start":{},"end":{}}],"line":54},"2":{"loc":{"start":{"line":61,"column":6},"end":{"line":63,"column":7}},"type":"if","locations":[{"start":{"line":61,"column":6},"end":{"line":63,"column":7}},{"start":{},"end":{}}],"line":61}},"s":{"0":5,"1":5,"2":5,"3":5,"4":5,"5":13,"6":13,"7":13,"8":13,"9":12,"10":1,"11":1,"12":11,"13":11,"14":11,"15":11,"16":1,"17":1,"18":1,"19":11,"20":11,"21":11,"22":10,"23":1,"24":9,"25":9,"26":1,"27":8,"28":8,"29":1,"30":1,"31":2,"32":2,"33":2,"34":2,"35":2,"36":1,"37":1,"38":1,"39":5},"f":{"0":13,"1":11,"2":2},"b":{"0":[1,11],"1":[1,9],"2":[1,8]},"_coverageSchema":"1a1c01bbd47fc00a2c39e90264f33305004495a9","hash":"8e4bb4e27c858b58deac6cde6f18b1fc16c9e624"}
,"C:\\Users\\Usuario\\Desktop\\Theyko\\Proyectos\\taskmanager\\src\\database\\config\\database.js": {"path":"C:\\Users\\Usuario\\Desktop\\Theyko\\Proyectos\\taskmanager\\src\\database\\config\\database.js","statementMap":{"0":{"start":{"line":1,"column":0},"end":{"line":1,"column":27}},"1":{"start":{"line":2,"column":0},"end":{"line":27,"column":1}}},"fnMap":{},"branchMap":{},"s":{"0":10,"1":10},"f":{},"b":{},"_coverageSchema":"1a1c01bbd47fc00a2c39e90264f33305004495a9","hash":"33db65f81a609257420ba5abda754d9d2afc7b23"}
,"C:\\Users\\Usuario\\Desktop\\Theyko\\Proyectos\\taskmanager\\src\\database\\models\\BlacklistedToken.js": {"path":"C:\\Users\\Usuario\\Desktop\\Theyko\\Proyectos\\taskmanager\\src\\database\\models\\BlacklistedToken.js","statementMap":{"0":{"start":{"line":1,"column":0},"end":{"line":45,"column":2}},"1":{"start":{"line":2,"column":16},"end":{"line":2,"column":34}},"2":{"start":{"line":3,"column":15},"end":{"line":27,"column":5}},"3":{"start":{"line":28,"column":17},"end":{"line":35,"column":5}},"4":{"start":{"line":36,"column":29},"end":{"line":36,"column":66}},"5":{"start":{"line":38,"column":4},"end":{"line":42,"column":5}},"6":{"start":{"line":39,"column":8},"end":{"line":41,"column":10}},"7":{"start":{"line":44,"column":4},"end":{"line":44,"column":27}}},"fnMap":{"0":{"name":"(anonymous_0)","decl":{"start":{"line":1,"column":17},"end":{"line":1,"column":18}},"loc":{"start":{"line":1,"column":43},"end":{"line":45,"column":1}},"line":1},"1":{"name":"(anonymous_1)","decl":{"start":{"line":38,"column":33},"end":{"line":38,"column":34}},"loc":{"start":{"line":38,"column":50},"end":{"line":42,"column":5}},"line":38}},"branchMap":{},"s":{"0":12,"1":12,"2":12,"3":12,"4":12,"5":12,"6":12,"7":12},"f":{"0":12,"1":12},"b":{},"_coverageSchema":"1a1c01bbd47fc00a2c39e90264f33305004495a9","hash":"e1e2b24b382feb79c0c5fbe2f559fff0e31c1d3e"}
,"C:\\Users\\Usuario\\Desktop\\Theyko\\Proyectos\\taskmanager\\src\\database\\models\\Task.js": {"path":"C:\\Users\\Usuario\\Desktop\\Theyko\\Proyectos\\taskmanager\\src\\database\\models\\Task.js","statementMap":{"0":{"start":{"line":1,"column":0},"end":{"line":58,"column":2}},"1":{"start":{"line":2,"column":16},"end":{"line":2,"column":22}},"2":{"start":{"line":3,"column":15},"end":{"line":40,"column":5}},"3":{"start":{"line":41,"column":17},"end":{"line":48,"column":5}},"4":{"start":{"line":49,"column":17},"end":{"line":49,"column":54}},"5":{"start":{"line":51,"column":4},"end":{"line":55,"column":5}},"6":{"start":{"line":52,"column":8},"end":{"line":54,"column":10}},"7":{"start":{"line":57,"column":4},"end":{"line":57,"column":15}}},"fnMap":{"0":{"name":"(anonymous_0)","decl":{"start":{"line":1,"column":17},"end":{"line":1,"column":18}},"loc":{"start":{"line":1,"column":43},"end":{"line":58,"column":1}},"line":1},"1":{"name":"(anonymous_1)","decl":{"start":{"line":51,"column":21},"end":{"line":51,"column":22}},"loc":{"start":{"line":51,"column":38},"end":{"line":55,"column":5}},"line":51}},"branchMap":{},"s":{"0":12,"1":12,"2":12,"3":12,"4":12,"5":12,"6":12,"7":12},"f":{"0":12,"1":12},"b":{},"_coverageSchema":"1a1c01bbd47fc00a2c39e90264f33305004495a9","hash":"3cebf61da0020d6a52fe3140657fda8d32818729"}
,"C:\\Users\\Usuario\\Desktop\\Theyko\\Proyectos\\taskmanager\\src\\database\\models\\User.js": {"path":"C:\\Users\\Usuario\\Desktop\\Theyko\\Proyectos\\taskmanager\\src\\database\\models\\User.js","statementMap":{"0":{"start":{"line":1,"column":0},"end":{"line":60,"column":2}},"1":{"start":{"line":2,"column":16},"end":{"line":2,"column":22}},"2":{"start":{"line":3,"column":15},"end":{"line":39,"column":5}},"3":{"start":{"line":40,"column":17},"end":{"line":47,"column":5}},"4":{"start":{"line":48,"column":17},"end":{"line":48,"column":54}},"5":{"start":{"line":50,"column":4},"end":{"line":57,"column":5}},"6":{"start":{"line":51,"column":8},"end":{"line":53,"column":10}},"7":{"start":{"line":54,"column":8},"end":{"line":56,"column":10}},"8":{"start":{"line":59,"column":4},"end":{"line":59,"column":15}}},"fnMap":{"0":{"name":"(anonymous_0)","decl":{"start":{"line":1,"column":17},"end":{"line":1,"column":18}},"loc":{"start":{"line":1,"column":43},"end":{"line":60,"column":1}},"line":1},"1":{"name":"(anonymous_1)","decl":{"start":{"line":50,"column":21},"end":{"line":50,"column":22}},"loc":{"start":{"line":50,"column":38},"end":{"line":57,"column":5}},"line":50}},"branchMap":{},"s":{"0":12,"1":12,"2":12,"3":12,"4":12,"5":12,"6":12,"7":12,"8":12},"f":{"0":12,"1":12},"b":{},"_coverageSchema":"1a1c01bbd47fc00a2c39e90264f33305004495a9","hash":"461b34c13e8d53e02707d1e1d2556fac8dfc56dd"}
,"C:\\Users\\Usuario\\Desktop\\Theyko\\Proyectos\\taskmanager\\src\\database\\models\\index.js": {"path":"C:\\Users\\Usuario\\Desktop\\Theyko\\Proyectos\\taskmanager\\src\\database\\models\\index.js","statementMap":{"0":{"start":{"line":3,"column":11},"end":{"line":3,"column":24}},"1":{"start":{"line":4,"column":13},"end":{"line":4,"column":28}},"2":{"start":{"line":5,"column":18},"end":{"line":5,"column":38}},"3":{"start":{"line":6,"column":16},"end":{"line":6,"column":34}},"4":{"start":{"line":7,"column":17},"end":{"line":7,"column":42}},"5":{"start":{"line":8,"column":12},"end":{"line":8,"column":49}},"6":{"start":{"line":9,"column":15},"end":{"line":9,"column":65}},"7":{"start":{"line":10,"column":11},"end":{"line":10,"column":13}},"8":{"start":{"line":13,"column":0},"end":{"line":17,"column":1}},"9":{"start":{"line":14,"column":2},"end":{"line":14,"column":74}},"10":{"start":{"line":16,"column":2},"end":{"line":16,"column":87}},"11":{"start":{"line":19,"column":0},"end":{"line":32,"column":5}},"12":{"start":{"line":22,"column":4},"end":{"line":27,"column":6}},"13":{"start":{"line":30,"column":18},"end":{"line":30,"column":85}},"14":{"start":{"line":31,"column":4},"end":{"line":31,"column":27}},"15":{"start":{"line":34,"column":0},"end":{"line":38,"column":3}},"16":{"start":{"line":35,"column":2},"end":{"line":37,"column":3}},"17":{"start":{"line":36,"column":4},"end":{"line":36,"column":32}},"18":{"start":{"line":40,"column":0},"end":{"line":40,"column":25}},"19":{"start":{"line":41,"column":0},"end":{"line":41,"column":25}},"20":{"start":{"line":43,"column":0},"end":{"line":43,"column":20}}},"fnMap":{"0":{"name":"(anonymous_0)","decl":{"start":{"line":21,"column":10},"end":{"line":21,"column":11}},"loc":{"start":{"line":21,"column":18},"end":{"line":28,"column":3}},"line":21},"1":{"name":"(anonymous_1)","decl":{"start":{"line":29,"column":11},"end":{"line":29,"column":12}},"loc":{"start":{"line":29,"column":19},"end":{"line":32,"column":3}},"line":29},"2":{"name":"(anonymous_2)","decl":{"start":{"line":34,"column":24},"end":{"line":34,"column":25}},"loc":{"start":{"line":34,"column":37},"end":{"line":38,"column":1}},"line":34}},"branchMap":{"0":{"loc":{"start":{"line":8,"column":12},"end":{"line":8,"column":49}},"type":"binary-expr","locations":[{"start":{"line":8,"column":12},"end":{"line":8,"column":32}},{"start":{"line":8,"column":36},"end":{"line":8,"column":49}}],"line":8},"1":{"loc":{"start":{"line":13,"column":0},"end":{"line":17,"column":1}},"type":"if","locations":[{"start":{"line":13,"column":0},"end":{"line":17,"column":1}},{"start":{"line":15,"column":7},"end":{"line":17,"column":1}}],"line":13},"2":{"loc":{"start":{"line":23,"column":6},"end":{"line":26,"column":37}},"type":"binary-expr","locations":[{"start":{"line":23,"column":6},"end":{"line":23,"column":29}},{"start":{"line":24,"column":6},"end":{"line":24,"column":23}},{"start":{"line":25,"column":6},"end":{"line":25,"column":30}},{"start":{"line":26,"column":6},"end":{"line":26,"column":37}}],"line":23},"3":{"loc":{"start":{"line":35,"column":2},"end":{"line":37,"column":3}},"type":"if","locations":[{"start":{"line":35,"column":2},"end":{"line":37,"column":3}},{"start":{},"end":{}}],"line":35}},"s":{"0":12,"1":12,"2":12,"3":12,"4":12,"5":12,"6":12,"7":12,"8":12,"9":1,"10":11,"11":12,"12":48,"13":36,"14":36,"15":12,"16":36,"17":36,"18":12,"19":12,"20":12},"f":{"0":48,"1":36,"2":36},"b":{"0":[12,0],"1":[1,11],"2":[48,48,36,36],"3":[36,0]},"_coverageSchema":"1a1c01bbd47fc00a2c39e90264f33305004495a9","hash":"c682d5d112f80407470faed66622997dfd8462a0"}
,"C:\\Users\\Usuario\\Desktop\\Theyko\\Proyectos\\taskmanager\\src\\middlewares\\authMiddleware.js": {"path":"C:\\Users\\Usuario\\Desktop\\Theyko\\Proyectos\\taskmanager\\src\\middlewares\\authMiddleware.js","statementMap":{"0":{"start":{"line":1,"column":12},"end":{"line":1,"column":35}},"1":{"start":{"line":2,"column":11},"end":{"line":2,"column":40}},"2":{"start":{"line":4,"column":26},"end":{"line":26,"column":1}},"3":{"start":{"line":5,"column":16},"end":{"line":5,"column":67}},"4":{"start":{"line":7,"column":2},"end":{"line":9,"column":3}},"5":{"start":{"line":8,"column":4},"end":{"line":8,"column":82}},"6":{"start":{"line":11,"column":2},"end":{"line":25,"column":3}},"7":{"start":{"line":13,"column":24},"end":{"line":13,"column":79}},"8":{"start":{"line":14,"column":4},"end":{"line":16,"column":5}},"9":{"start":{"line":15,"column":6},"end":{"line":15,"column":86}},"10":{"start":{"line":19,"column":20},"end":{"line":19,"column":61}},"11":{"start":{"line":20,"column":4},"end":{"line":20,"column":23}},"12":{"start":{"line":21,"column":4},"end":{"line":21,"column":11}},"13":{"start":{"line":23,"column":4},"end":{"line":23,"column":50}},"14":{"start":{"line":24,"column":4},"end":{"line":24,"column":77}},"15":{"start":{"line":28,"column":0},"end":{"line":28,"column":35}}},"fnMap":{"0":{"name":"(anonymous_0)","decl":{"start":{"line":4,"column":26},"end":{"line":4,"column":27}},"loc":{"start":{"line":4,"column":52},"end":{"line":26,"column":1}},"line":4}},"branchMap":{"0":{"loc":{"start":{"line":7,"column":2},"end":{"line":9,"column":3}},"type":"if","locations":[{"start":{"line":7,"column":2},"end":{"line":9,"column":3}},{"start":{},"end":{}}],"line":7},"1":{"loc":{"start":{"line":14,"column":4},"end":{"line":16,"column":5}},"type":"if","locations":[{"start":{"line":14,"column":4},"end":{"line":16,"column":5}},{"start":{},"end":{}}],"line":14}},"s":{"0":6,"1":6,"2":6,"3":27,"4":27,"5":2,"6":25,"7":25,"8":25,"9":1,"10":24,"11":23,"12":23,"13":1,"14":1,"15":6},"f":{"0":27},"b":{"0":[2,25],"1":[1,24]},"_coverageSchema":"1a1c01bbd47fc00a2c39e90264f33305004495a9","hash":"a4a0f1c75da8a675f5205b43a650f20502c33ea1"}
,"C:\\Users\\Usuario\\Desktop\\Theyko\\Proyectos\\taskmanager\\src\\middlewares\\dynamicValidation.js": {"path":"C:\\Users\\Usuario\\Desktop\\Theyko\\Proyectos\\taskmanager\\src\\middlewares\\dynamicValidation.js","statementMap":{"0":{"start":{"line":1,"column":29},"end":{"line":1,"column":57}},"1":{"start":{"line":3,"column":17},"end":{"line":14,"column":1}},"2":{"start":{"line":4,"column":4},"end":{"line":13,"column":6}},"3":{"start":{"line":5,"column":8},"end":{"line":5,"column":78}},"4":{"start":{"line":5,"column":56},"end":{"line":5,"column":75}},"5":{"start":{"line":7,"column":23},"end":{"line":7,"column":44}},"6":{"start":{"line":8,"column":8},"end":{"line":10,"column":9}},"7":{"start":{"line":9,"column":12},"end":{"line":9,"column":26}},"8":{"start":{"line":12,"column":8},"end":{"line":12,"column":57}},"9":{"start":{"line":16,"column":0},"end":{"line":16,"column":26}}},"fnMap":{"0":{"name":"(anonymous_0)","decl":{"start":{"line":3,"column":17},"end":{"line":3,"column":18}},"loc":{"start":{"line":3,"column":34},"end":{"line":14,"column":1}},"line":3},"1":{"name":"(anonymous_1)","decl":{"start":{"line":4,"column":11},"end":{"line":4,"column":12}},"loc":{"start":{"line":4,"column":37},"end":{"line":13,"column":5}},"line":4},"2":{"name":"(anonymous_2)","decl":{"start":{"line":5,"column":42},"end":{"line":5,"column":43}},"loc":{"start":{"line":5,"column":56},"end":{"line":5,"column":75}},"line":5}},"branchMap":{"0":{"loc":{"start":{"line":8,"column":8},"end":{"line":10,"column":9}},"type":"if","locations":[{"start":{"line":8,"column":8},"end":{"line":10,"column":9}},{"start":{},"end":{}}],"line":8}},"s":{"0":5,"1":5,"2":20,"3":38,"4":113,"5":38,"6":38,"7":33,"8":5,"9":5},"f":{"0":20,"1":38,"2":113},"b":{"0":[33,5]},"_coverageSchema":"1a1c01bbd47fc00a2c39e90264f33305004495a9","hash":"fd9dd024ad99f9189e3d991dd82d98e1bf7440e9"}
,"C:\\Users\\Usuario\\Desktop\\Theyko\\Proyectos\\taskmanager\\src\\middlewares\\validationRules.js": {"path":"C:\\Users\\Usuario\\Desktop\\Theyko\\Proyectos\\taskmanager\\src\\middlewares\\validationRules.js","statementMap":{"0":{"start":{"line":1,"column":17},"end":{"line":1,"column":45}},"1":{"start":{"line":3,"column":28},"end":{"line":32,"column":1}},"2":{"start":{"line":34,"column":28},"end":{"line":78,"column":1}},"3":{"start":{"line":80,"column":0},"end":{"line":80,"column":62}}},"fnMap":{},"branchMap":{},"s":{"0":5,"1":5,"2":5,"3":5},"f":{},"b":{},"_coverageSchema":"1a1c01bbd47fc00a2c39e90264f33305004495a9","hash":"64a21c039a8978c28ecc5f974975458555abd362"}
,"C:\\Users\\Usuario\\Desktop\\Theyko\\Proyectos\\taskmanager\\src\\routes\\taskRouter.js": {"path":"C:\\Users\\Usuario\\Desktop\\Theyko\\Proyectos\\taskmanager\\src\\routes\\taskRouter.js","statementMap":{"0":{"start":{"line":1,"column":16},"end":{"line":1,"column":34}},"1":{"start":{"line":2,"column":15},"end":{"line":2,"column":31}},"2":{"start":{"line":3,"column":23},"end":{"line":3,"column":63}},"3":{"start":{"line":4,"column":23},"end":{"line":4,"column":63}},"4":{"start":{"line":5,"column":32},"end":{"line":5,"column":73}},"5":{"start":{"line":6,"column":17},"end":{"line":6,"column":60}},"6":{"start":{"line":8,"column":0},"end":{"line":8,"column":27}},"7":{"start":{"line":10,"column":0},"end":{"line":10,"column":44}},"8":{"start":{"line":11,"column":0},"end":{"line":11,"column":47}},"9":{"start":{"line":12,"column":0},"end":{"line":12,"column":92}},"10":{"start":{"line":13,"column":0},"end":{"line":13,"column":93}},"11":{"start":{"line":14,"column":0},"end":{"line":14,"column":56}},"12":{"start":{"line":16,"column":0},"end":{"line":16,"column":24}}},"fnMap":{},"branchMap":{},"s":{"0":5,"1":5,"2":5,"3":5,"4":5,"5":5,"6":5,"7":5,"8":5,"9":5,"10":5,"11":5,"12":5},"f":{},"b":{},"_coverageSchema":"1a1c01bbd47fc00a2c39e90264f33305004495a9","hash":"9295011068b6ea90c914f708751a3afdc9c445bf"}
,"C:\\Users\\Usuario\\Desktop\\Theyko\\Proyectos\\taskmanager\\src\\routes\\userRouter.js": {"path":"C:\\Users\\Usuario\\Desktop\\Theyko\\Proyectos\\taskmanager\\src\\routes\\userRouter.js","statementMap":{"0":{"start":{"line":1,"column":16},"end":{"line":1,"column":34}},"1":{"start":{"line":2,"column":15},"end":{"line":2,"column":31}},"2":{"start":{"line":3,"column":23},"end":{"line":3,"column":63}},"3":{"start":{"line":4,"column":23},"end":{"line":4,"column":63}},"4":{"start":{"line":5,"column":32},"end":{"line":5,"column":73}},"5":{"start":{"line":6,"column":17},"end":{"line":6,"column":60}},"6":{"start":{"line":8,"column":0},"end":{"line":8,"column":90}},"7":{"start":{"line":9,"column":0},"end":{"line":9,"column":81}},"8":{"start":{"line":10,"column":0},"end":{"line":10,"column":62}},"9":{"start":{"line":12,"column":0},"end":{"line":12,"column":24}}},"fnMap":{},"branchMap":{},"s":{"0":5,"1":5,"2":5,"3":5,"4":5,"5":5,"6":5,"7":5,"8":5,"9":5},"f":{},"b":{},"_coverageSchema":"1a1c01bbd47fc00a2c39e90264f33305004495a9","hash":"8b6974bed5b1fa704b8f856876dc7586e427d3c4"}
,"C:\\Users\\Usuario\\Desktop\\Theyko\\Proyectos\\taskmanager\\src\\services\\nofiticationService.js": {"path":"C:\\Users\\Usuario\\Desktop\\Theyko\\Proyectos\\taskmanager\\src\\services\\nofiticationService.js","statementMap":{"0":{"start":{"line":1,"column":0},"end":{"line":1,"column":27}},"1":{"start":{"line":2,"column":11},"end":{"line":2,"column":40}},"2":{"start":{"line":3,"column":19},"end":{"line":3,"column":40}},"3":{"start":{"line":4,"column":15},"end":{"line":4,"column":32}},"4":{"start":{"line":7,"column":15},"end":{"line":7,"column":84}},"5":{"start":{"line":11,"column":4},"end":{"line":35,"column":5}},"6":{"start":{"line":13,"column":28},"end":{"line":13,"column":38}},"7":{"start":{"line":14,"column":29},"end":{"line":14,"column":39}},"8":{"start":{"line":15,"column":8},"end":{"line":15,"column":57}},"9":{"start":{"line":18,"column":22},"end":{"line":29,"column":10}},"10":{"start":{"line":31,"column":8},"end":{"line":31,"column":21}},"11":{"start":{"line":33,"column":8},"end":{"line":33,"column":67}},"12":{"start":{"line":34,"column":8},"end":{"line":34,"column":20}},"13":{"start":{"line":40,"column":4},"end":{"line":65,"column":5}},"14":{"start":{"line":42,"column":28},"end":{"line":48,"column":10}},"15":{"start":{"line":51,"column":28},"end":{"line":56,"column":9}},"16":{"start":{"line":59,"column":21},"end":{"line":59,"column":60}},"17":{"start":{"line":61,"column":28},"end":{"line":61,"column":106}},"18":{"start":{"line":63,"column":8},"end":{"line":63,"column":53}},"19":{"start":{"line":64,"column":8},"end":{"line":64,"column":20}},"20":{"start":{"line":70,"column":4},"end":{"line":81,"column":5}},"21":{"start":{"line":72,"column":8},"end":{"line":76,"column":11}},"22":{"start":{"line":77,"column":28},"end":{"line":77,"column":114}},"23":{"start":{"line":79,"column":8},"end":{"line":79,"column":64}},"24":{"start":{"line":80,"column":8},"end":{"line":80,"column":20}},"25":{"start":{"line":86,"column":4},"end":{"line":104,"column":5}},"26":{"start":{"line":88,"column":21},"end":{"line":88,"column":51}},"27":{"start":{"line":90,"column":8},"end":{"line":92,"column":9}},"28":{"start":{"line":91,"column":12},"end":{"line":91,"column":46}},"29":{"start":{"line":95,"column":8},"end":{"line":95,"column":29}},"30":{"start":{"line":98,"column":8},"end":{"line":98,"column":26}},"31":{"start":{"line":100,"column":28},"end":{"line":100,"column":115}},"32":{"start":{"line":102,"column":8},"end":{"line":102,"column":64}},"33":{"start":{"line":103,"column":8},"end":{"line":103,"column":20}},"34":{"start":{"line":107,"column":0},"end":{"line":107,"column":88}},"35":{"start":{"line":114,"column":85},"end":{"line":114,"column":39071}},"36":{"start":{"line":114,"column":89},"end":{"line":114,"column":39060}}},"fnMap":{"0":{"name":"getNearbyTasks","decl":{"start":{"line":10,"column":15},"end":{"line":10,"column":29}},"loc":{"start":{"line":10,"column":32},"end":{"line":36,"column":1}},"line":10},"1":{"name":"sendEmail","decl":{"start":{"line":39,"column":15},"end":{"line":39,"column":24}},"loc":{"start":{"line":39,"column":44},"end":{"line":66,"column":1}},"line":39},"2":{"name":"sendWhatsAppMessage","decl":{"start":{"line":69,"column":15},"end":{"line":69,"column":34}},"loc":{"start":{"line":69,"column":45},"end":{"line":82,"column":1}},"line":69},"3":{"name":"markTaskAsNotified","decl":{"start":{"line":85,"column":15},"end":{"line":85,"column":33}},"loc":{"start":{"line":85,"column":42},"end":{"line":105,"column":1}},"line":85},"4":{"name":"oo_cm","decl":{"start":{"line":114,"column":77},"end":{"line":114,"column":82}},"loc":{"start":{"line":114,"column":84},"end":{"line":114,"column":39072}},"line":114}},"branchMap":{"0":{"loc":{"start":{"line":90,"column":8},"end":{"line":92,"column":9}},"type":"if","locations":[{"start":{"line":90,"column":8},"end":{"line":92,"column":9}},{"start":{},"end":{}}],"line":90},"1":{"loc":{"start":{"line":114,"column":96},"end":{"line":114,"column":39059}},"type":"binary-expr","locations":[{"start":{"line":114,"column":96},"end":{"line":114,"column":133}},{"start":{"line":114,"column":137},"end":{"line":114,"column":39059}}],"line":114}},"s":{"0":1,"1":1,"2":1,"3":1,"4":1,"5":2,"6":2,"7":2,"8":2,"9":2,"10":1,"11":1,"12":1,"13":2,"14":2,"15":2,"16":2,"17":1,"18":1,"19":1,"20":2,"21":2,"22":1,"23":1,"24":1,"25":3,"26":3,"27":3,"28":1,"29":2,"30":2,"31":1,"32":2,"33":2,"34":1,"35":3,"36":3},"f":{"0":2,"1":2,"2":2,"3":3,"4":3},"b":{"0":[1,2],"1":[3,1]},"_coverageSchema":"1a1c01bbd47fc00a2c39e90264f33305004495a9","hash":"4b8c08b85b8ef161a7ee197dc0924bf3134c1bf2"}
,"C:\\Users\\Usuario\\Desktop\\Theyko\\Proyectos\\taskmanager\\src\\services\\scheduledTask.js": {"path":"C:\\Users\\Usuario\\Desktop\\Theyko\\Proyectos\\taskmanager\\src\\services\\scheduledTask.js","statementMap":{"0":{"start":{"line":1,"column":79},"end":{"line":1,"column":111}},"1":{"start":{"line":4,"column":22},"end":{"line":24,"column":1}},"2":{"start":{"line":5,"column":4},"end":{"line":23,"column":5}},"3":{"start":{"line":7,"column":22},"end":{"line":7,"column":44}},"4":{"start":{"line":10,"column":8},"end":{"line":20,"column":9}},"5":{"start":{"line":13,"column":12},"end":{"line":13,"column":144}},"6":{"start":{"line":16,"column":12},"end":{"line":16,"column":143}},"7":{"start":{"line":19,"column":12},"end":{"line":19,"column":46}},"8":{"start":{"line":22,"column":8},"end":{"line":22,"column":78}},"9":{"start":{"line":26,"column":0},"end":{"line":26,"column":31}}},"fnMap":{"0":{"name":"(anonymous_0)","decl":{"start":{"line":4,"column":22},"end":{"line":4,"column":23}},"loc":{"start":{"line":4,"column":34},"end":{"line":24,"column":1}},"line":4}},"branchMap":{},"s":{"0":1,"1":1,"2":3,"3":3,"4":3,"5":4,"6":4,"7":4,"8":1,"9":1},"f":{"0":3},"b":{},"_coverageSchema":"1a1c01bbd47fc00a2c39e90264f33305004495a9","hash":"2a22cffe7b4630b81d015f187f7c928399a7ca5f"}
}
