TN:
SF:src\app.js
FN:13,(anonymous_0)
FN:28,oo_cm
FNF:2
FNH:0
FNDA:0,(anonymous_0)
FNDA:0,oo_cm
DA:1,4
DA:2,4
DA:3,4
DA:5,4
DA:7,4
DA:10,4
DA:11,0
DA:12,0
DA:13,0
DA:14,0
DA:18,4
DA:19,4
DA:21,4
DA:28,0
LF:14
LH:9
BRDA:10,0,0,0
BRDA:10,0,1,4
BRDA:12,1,0,0
BRDA:12,1,1,0
BRDA:28,2,0,0
BRDA:28,2,1,0
BRF:6
BRH:1
end_of_record
TN:
SF:src\controllers\taskController.js
FN:4,(anonymous_0)
FN:22,(anonymous_1)
FN:41,(anonymous_2)
FN:70,(anonymous_3)
FN:101,(anonymous_4)
FNF:5
FNH:5
FNDA:1,(anonymous_0)
FNDA:1,(anonymous_1)
FNDA:4,(anonymous_2)
FNDA:1,(anonymous_3)
FNDA:1,(anonymous_4)
DA:1,4
DA:3,4
DA:5,1
DA:7,1
DA:12,1
DA:13,1
DA:15,0
DA:17,0
DA:18,0
DA:23,1
DA:24,1
DA:25,1
DA:31,1
DA:32,0
DA:34,1
DA:36,0
DA:37,0
DA:43,4
DA:45,4
DA:47,4
DA:48,4
DA:51,4
DA:57,4
DA:60,4
DA:63,0
DA:65,0
DA:66,0
DA:71,1
DA:74,1
DA:76,1
DA:77,1
DA:79,1
DA:80,0
DA:81,0
DA:85,1
DA:88,1
DA:90,1
DA:93,0
DA:95,0
DA:96,0
DA:102,1
DA:105,1
DA:107,1
DA:108,1
DA:110,1
DA:111,0
DA:112,0
DA:116,1
DA:119,1
DA:121,1
DA:124,0
DA:126,0
DA:127,0
DA:132,4
LF:54
LH:35
BRDA:12,0,0,1
BRDA:12,0,1,0
BRDA:12,1,0,1
BRDA:12,1,1,1
BRDA:31,2,0,0
BRDA:31,2,1,1
BRDA:79,3,0,0
BRDA:79,3,1,1
BRDA:110,4,0,0
BRDA:110,4,1,1
BRF:10
BRH:6
end_of_record
TN:
SF:src\controllers\userController.js
FN:7,(anonymous_0)
FN:47,(anonymous_1)
FN:75,(anonymous_2)
FNF:3
FNH:3
FNDA:6,(anonymous_0)
FNDA:6,(anonymous_1)
FNDA:1,(anonymous_2)
DA:1,4
DA:2,4
DA:3,4
DA:4,4
DA:6,4
DA:8,6
DA:10,6
DA:11,6
DA:14,6
DA:21,6
DA:22,0
DA:23,0
DA:27,6
DA:30,6
DA:37,6
DA:39,6
DA:41,0
DA:42,0
DA:43,0
DA:48,6
DA:49,6
DA:52,6
DA:54,6
DA:55,1
DA:59,5
DA:61,5
DA:62,0
DA:66,5
DA:68,5
DA:70,0
DA:71,0
DA:76,1
DA:78,1
DA:79,1
DA:80,1
DA:82,1
DA:88,1
DA:90,0
DA:91,0
DA:96,4
LF:40
LH:30
BRDA:21,0,0,0
BRDA:21,0,1,6
BRDA:54,1,0,1
BRDA:54,1,1,5
BRDA:61,2,0,0
BRDA:61,2,1,5
BRF:6
BRH:4
end_of_record
TN:
SF:src\database\config\database.js
FNF:0
FNH:0
DA:1,9
DA:2,9
LF:2
LH:2
BRF:0
BRH:0
end_of_record
TN:
SF:src\database\models\BlacklistedToken.js
FN:1,(anonymous_0)
FN:38,(anonymous_1)
FNF:2
FNH:2
FNDA:9,(anonymous_0)
FNDA:9,(anonymous_1)
DA:1,9
DA:2,9
DA:3,9
DA:28,9
DA:36,9
DA:38,9
DA:39,9
DA:44,9
LF:8
LH:8
BRF:0
BRH:0
end_of_record
TN:
SF:src\database\models\Task.js
FN:1,(anonymous_0)
FN:51,(anonymous_1)
FNF:2
FNH:2
FNDA:9,(anonymous_0)
FNDA:9,(anonymous_1)
DA:1,9
DA:2,9
DA:3,9
DA:41,9
DA:49,9
DA:51,9
DA:52,9
DA:57,9
LF:8
LH:8
BRF:0
BRH:0
end_of_record
TN:
SF:src\database\models\User.js
FN:1,(anonymous_0)
FN:50,(anonymous_1)
FNF:2
FNH:2
FNDA:9,(anonymous_0)
FNDA:9,(anonymous_1)
DA:1,9
DA:2,9
DA:3,9
DA:40,9
DA:48,9
DA:50,9
DA:51,9
DA:54,9
DA:59,9
LF:9
LH:9
BRF:0
BRH:0
end_of_record
TN:
SF:src\database\models\index.js
FN:21,(anonymous_0)
FN:29,(anonymous_1)
FN:34,(anonymous_2)
FNF:3
FNH:3
FNDA:36,(anonymous_0)
FNDA:27,(anonymous_1)
FNDA:27,(anonymous_2)
DA:3,9
DA:4,9
DA:5,9
DA:6,9
DA:7,9
DA:8,9
DA:9,9
DA:10,9
DA:13,9
DA:14,0
DA:16,9
DA:19,9
DA:22,36
DA:30,27
DA:31,27
DA:34,9
DA:35,27
DA:36,27
DA:40,9
DA:41,9
DA:43,9
LF:21
LH:20
BRDA:8,0,0,9
BRDA:8,0,1,0
BRDA:13,1,0,0
BRDA:13,1,1,9
BRDA:23,2,0,36
BRDA:23,2,1,36
BRDA:23,2,2,27
BRDA:23,2,3,27
BRDA:35,3,0,27
BRDA:35,3,1,0
BRF:10
BRH:7
end_of_record
TN:
SF:src\middlewares\authMiddleware.js
FN:4,(anonymous_0)
FNF:1
FNH:1
FNDA:15,(anonymous_0)
DA:1,5
DA:2,5
DA:4,5
DA:5,15
DA:7,15
DA:8,2
DA:11,13
DA:13,13
DA:14,13
DA:15,1
DA:19,12
DA:20,11
DA:21,11
DA:23,1
DA:24,1
DA:28,5
LF:16
LH:16
BRDA:7,0,0,2
BRDA:7,0,1,13
BRDA:14,1,0,1
BRDA:14,1,1,12
BRF:4
BRH:4
end_of_record
TN:
SF:src\middlewares\dynamicValidation.js
FN:3,(anonymous_0)
FN:4,(anonymous_1)
FN:5,(anonymous_2)
FNF:3
FNH:3
FNDA:16,(anonymous_0)
FNDA:22,(anonymous_1)
FNDA:66,(anonymous_2)
DA:1,4
DA:3,4
DA:4,16
DA:5,66
DA:7,22
DA:8,22
DA:9,17
DA:12,5
DA:16,4
LF:9
LH:9
BRDA:8,0,0,17
BRDA:8,0,1,5
BRF:2
BRH:2
end_of_record
TN:
SF:src\middlewares\validationRules.js
FNF:0
FNH:0
DA:1,4
DA:3,4
DA:34,4
DA:80,4
LF:4
LH:4
BRF:0
BRH:0
end_of_record
TN:
SF:src\routes\taskRouter.js
FNF:0
FNH:0
DA:1,4
DA:2,4
DA:3,4
DA:4,4
DA:5,4
DA:6,4
DA:8,4
DA:10,4
DA:11,4
DA:12,4
DA:13,4
DA:14,4
DA:16,4
LF:13
LH:13
BRF:0
BRH:0
end_of_record
TN:
SF:src\routes\userRouter.js
FNF:0
FNH:0
DA:1,4
DA:2,4
DA:3,4
DA:4,4
DA:5,4
DA:6,4
DA:8,4
DA:9,4
DA:10,4
DA:12,4
LF:10
LH:10
BRF:0
BRH:0
end_of_record
TN:
SF:src\services\nofiticationService.js
FN:10,getNearbyTasks
FN:39,sendEmail
FN:69,sendWhatsAppMessage
FN:85,markTaskAsNotified
FN:114,oo_cm
FNF:5
FNH:5
FNDA:2,getNearbyTasks
FNDA:2,sendEmail
FNDA:2,sendWhatsAppMessage
FNDA:3,markTaskAsNotified
FNDA:3,oo_cm
DA:1,1
DA:2,1
DA:3,1
DA:4,1
DA:7,1
DA:11,2
DA:13,2
DA:14,2
DA:15,2
DA:18,2
DA:31,1
DA:33,1
DA:34,1
DA:40,2
DA:42,2
DA:51,2
DA:59,2
DA:61,1
DA:63,1
DA:64,1
DA:70,2
DA:72,2
DA:77,1
DA:79,1
DA:80,1
DA:86,3
DA:88,3
DA:90,3
DA:91,1
DA:95,2
DA:98,2
DA:100,1
DA:102,2
DA:103,2
DA:107,1
DA:114,3
LF:36
LH:36
BRDA:90,0,0,1
BRDA:90,0,1,2
BRDA:114,1,0,3
BRDA:114,1,1,1
BRF:4
BRH:4
end_of_record
